<?xml version="1.0" encoding="UTF-8"?>
<!-- Generated by org.testng.reporters.JUnitReportReporter -->
<testsuite skipped="0" hostname="DESKTOP-LRA0EFA" name="test.Day2" tests="1" failures="0" timestamp="2020-03-09T10:06:44 PDT" time="0.015" errors="0">
  <testcase name="DemoDay22" time="0.015" classname="test.Day2"/>
</testsuite> <!-- test.Day2 -->
