<?xml version="1.0" encoding="UTF-8"?>
<!-- Generated by org.testng.reporters.JUnitReportReporter -->
<<<<<<< HEAD
<testsuite skipped="0" hostname="Bishnus-MacBook-Air.local" name="test.Day4" tests="3" failures="0" timestamp="2020-03-11T11:11:49 CDT" time="0.031" errors="0">
  <testcase name="webHomeLoanLogin" time="0.002" classname="test.Day4"/>
  <testcase name="apiHomeLoanLogin" time="0.024" classname="test.Day4"/>
  <testcase name="mobileHomeLoanLogin" time="0.005" classname="test.Day4"/>
=======
<testsuite hostname="DESKTOP-NH06F2F" failures="0" tests="1" name="test.Day4" time="0.001" errors="0" timestamp="2020-03-10T11:59:18 CDT" skipped="0">
  <testcase classname="test.Day4" name="mobileHomeLoanLogin" time="0.001"/>
>>>>>>> 78f9e6c8d12dd3e2922f9bba57fc415d236dce05
</testsuite> <!-- test.Day4 -->
