<?xml version="1.0" encoding="UTF-8"?>
<!-- Generated by org.testng.reporters.JUnitReportReporter -->
<<<<<<< HEAD
<testsuite hostname="razanis-MacBook-Air.local" failures="0" tests="4" name="test.Day3" time="0.028" errors="0" timestamp="2020-03-09T13:11:29 CDT" skipped="0">
  <testcase classname="test.Day3" name="MobileCarLoanLogout" time="0.001"/>
  <testcase classname="test.Day3" name="webCarLoanLogin" time="0.004"/>
  <testcase classname="test.Day3" name="apiCarLoanLogin" time="0.004"/>
  <testcase classname="test.Day3" name="MobileCarLoanLogin" time="0.019"/>
=======
<testsuite hostname="DESKTOP-NH06F2F" failures="0" tests="1" name="test.Day3" time="0.001" errors="0" timestamp="2020-03-10T11:59:18 CDT" skipped="0">
  <testcase classname="test.Day3" name="apiCarLoanLogin" time="0.001"/>
>>>>>>> d10bb338002785256930d0af28d76ae20d2447ee
</testsuite> <!-- test.Day3 -->
