<?xml version="1.0" encoding="UTF-8"?>
<!-- Generated by org.testng.reporters.JUnitReportReporter -->
<testsuite hostname="DESKTOP-NH06F2F" failures="0" tests="1" name="test.Day4" time="0.001" errors="0" timestamp="2020-03-10T11:59:18 CDT" skipped="0">
  <testcase classname="test.Day4" name="mobileHomeLoanLogin" time="0.001"/>
</testsuite> <!-- test.Day4 -->
