<?xml version="1.0" encoding="UTF-8"?>
<!-- Generated by org.testng.reporters.JUnitReportReporter -->
<testsuite skipped="0" hostname="DESKTOP-LRA0EFA" name="test.Day1" tests="1" failures="0" timestamp="2020-03-09T10:06:44 PDT" time="0.000" errors="0">
  <testcase name="Demo1" time="0.000" classname="test.Day1"/>
</testsuite> <!-- test.Day1 -->
