<?xml version="1.0" encoding="UTF-8"?>
<!-- Generated by org.testng.reporters.JUnitReportReporter -->
<testsuite hostname="DESKTOP-NH06F2F" failures="0" tests="1" name="test.Day2" time="0.007" errors="0" timestamp="2020-03-10T11:59:18 CDT" skipped="0">
  <testcase classname="test.Day2" name="DemoDay22" time="0.007"/>
</testsuite> <!-- test.Day2 -->
